Logging to /group/40034/yaoweili/tmp_ckpt/0002_LR_5e-5_BTS_64*8_5_CFG0.1_ImgaNet64_from_1w5
creating model and diffusion...
creating data loader...
training...
----------------------------
| grad_norm     | 0.011    |
| lg_loss_scale | 20       |
| loss          | 0.0607   |
| loss_q0       | 0.153    |
| loss_q1       | 0.0449   |
| loss_q2       | 0.0147   |
| loss_q3       | 0.0041   |
| mse           | 0.0585   |
| mse_q0        | 0.147    |
| mse_q1        | 0.0446   |
| mse_q2        | 0.0146   |
| mse_q3        | 0.00406  |
| param_norm    | 1e+03    |
| samples       | 512      |
| step          | 0        |
| vb            | 0.00216  |
| vb_q0         | 0.00669  |
| vb_q1         | 0.000232 |
| vb_q2         | 7.14e-05 |
| vb_q3         | 4.09e-05 |
----------------------------
saving model 0...
saving model 0.9999...
----------------------------
| grad_norm     | 0.173    |
| lg_loss_scale | 20       |
| loss          | 0.0534   |
| loss_q0       | 0.155    |
| loss_q1       | 0.0376   |
| loss_q2       | 0.0152   |
| loss_q3       | 0.00516  |
| mse           | 0.0514   |
| mse_q0        | 0.149    |
| mse_q1        | 0.0375   |
| mse_q2        | 0.0151   |
| mse_q3        | 0.00365  |
| param_norm    | 1e+03    |
| samples       | 5.63e+03 |
| step          | 10       |
| vb            | 0.00208  |
| vb_q0         | 0.00654  |
| vb_q1         | 0.000194 |
| vb_q2         | 7.49e-05 |
| vb_q3         | 0.00151  |
----------------------------
----------------------------
| grad_norm     | 0.0749   |
| lg_loss_scale | 20       |
| loss          | 0.0496   |
| loss_q0       | 0.157    |
| loss_q1       | 0.037    |
| loss_q2       | 0.0158   |
| loss_q3       | 0.00356  |
| mse           | 0.0459   |
| mse_q0        | 0.14     |
| mse_q1        | 0.0368   |
| mse_q2        | 0.0158   |
| mse_q3        | 0.00352  |
| param_norm    | 1e+03    |
| samples       | 1.08e+04 |
| step          | 20       |
| vb            | 0.00374  |
| vb_q0         | 0.0168   |
| vb_q1         | 0.00019  |
| vb_q2         | 7.74e-05 |
| vb_q3         | 3.74e-05 |
----------------------------
----------------------------
| grad_norm     | 0.0383   |
| lg_loss_scale | 20       |
| loss          | 0.0658   |
| loss_q0       | 0.219    |
| loss_q1       | 0.0373   |
| loss_q2       | 0.014    |
| loss_q3       | 0.00457  |
| mse           | 0.0554   |
| mse_q0        | 0.177    |
| mse_q1        | 0.0372   |
| mse_q2        | 0.0139   |
| mse_q3        | 0.00372  |
| param_norm    | 1e+03    |
| samples       | 1.59e+04 |
| step          | 30       |
| vb            | 0.0104   |
| vb_q0         | 0.0426   |
| vb_q1         | 0.000192 |
| vb_q2         | 6.85e-05 |
| vb_q3         | 0.000847 |
----------------------------
----------------------------
| grad_norm     | 0.0241   |
| lg_loss_scale | 20       |
| loss          | 0.0654   |
| loss_q0       | 0.215    |
| loss_q1       | 0.0378   |
| loss_q2       | 0.0147   |
| loss_q3       | 0.00345  |
| mse           | 0.0593   |
| mse_q0        | 0.19     |
| mse_q1        | 0.0376   |
| mse_q2        | 0.0146   |
| mse_q3        | 0.00341  |
| param_norm    | 1e+03    |
| samples       | 2.1e+04  |
| step          | 40       |
| vb            | 0.00606  |
| vb_q0         | 0.0249   |
| vb_q1         | 0.000192 |
| vb_q2         | 7.24e-05 |
| vb_q3         | 3.68e-05 |
----------------------------
----------------------------
| grad_norm     | 0.0201   |
| lg_loss_scale | 20       |
| loss          | 0.0623   |
| loss_q0       | 0.182    |
| loss_q1       | 0.0396   |
| loss_q2       | 0.0165   |
| loss_q3       | 0.00413  |
| mse           | 0.0558   |
| mse_q0        | 0.158    |
| mse_q1        | 0.0394   |
| mse_q2        | 0.0165   |
| mse_q3        | 0.00389  |
| param_norm    | 1e+03    |
| samples       | 2.61e+04 |
| step          | 50       |
| vb            | 0.0065   |
| vb_q0         | 0.0243   |
| vb_q1         | 0.000203 |
| vb_q2         | 8.09e-05 |
| vb_q3         | 0.000241 |
----------------------------
----------------------------
| grad_norm     | 0.0237   |
| lg_loss_scale | 20.1     |
| loss          | 0.0555   |
| loss_q0       | 0.168    |
| loss_q1       | 0.039    |
| loss_q2       | 0.0165   |
| loss_q3       | 0.00388  |
| mse           | 0.0537   |
| mse_q0        | 0.161    |
| mse_q1        | 0.0388   |
| mse_q2        | 0.0164   |
| mse_q3        | 0.00384  |
| param_norm    | 1e+03    |
| samples       | 3.12e+04 |
| step          | 60       |
| vb            | 0.00188  |
| vb_q0         | 0.00742  |
| vb_q1         | 0.000201 |
| vb_q2         | 8.14e-05 |
| vb_q3         | 4e-05    |
----------------------------
----------------------------
| grad_norm     | 0.0218   |
| lg_loss_scale | 20.1     |
| loss          | 0.058    |
| loss_q0       | 0.161    |
| loss_q1       | 0.0419   |
| loss_q2       | 0.0166   |
| loss_q3       | 0.00381  |
| mse           | 0.0555   |
| mse_q0        | 0.152    |
| mse_q1        | 0.0417   |
| mse_q2        | 0.0165   |
| mse_q3        | 0.00377  |
| param_norm    | 1e+03    |
| samples       | 3.64e+04 |
| step          | 70       |
| vb            | 0.00243  |
| vb_q0         | 0.00874  |
| vb_q1         | 0.000215 |
| vb_q2         | 8.14e-05 |
| vb_q3         | 3.98e-05 |
----------------------------
----------------------------
| grad_norm     | 0.0187   |
| lg_loss_scale | 20.1     |
| loss          | 0.0575   |
| loss_q0       | 0.16     |
| loss_q1       | 0.0414   |
| loss_q2       | 0.0167   |
| loss_q3       | 0.00371  |
| mse           | 0.0558   |
| mse_q0        | 0.154    |
| mse_q1        | 0.0411   |
| mse_q2        | 0.0166   |
| mse_q3        | 0.00367  |
| param_norm    | 1e+03    |
| samples       | 4.15e+04 |
| step          | 80       |
| vb            | 0.00173  |
| vb_q0         | 0.00629  |
| vb_q1         | 0.000212 |
| vb_q2         | 8.2e-05  |
| vb_q3         | 3.95e-05 |
----------------------------
----------------------------
| grad_norm     | 0.0239   |
| lg_loss_scale | 20.1     |
| loss          | 0.0657   |
| loss_q0       | 0.22     |
| loss_q1       | 0.0402   |
| loss_q2       | 0.0154   |
| loss_q3       | 0.00373  |
| mse           | 0.0559   |
| mse_q0        | 0.177    |
| mse_q1        | 0.04     |
| mse_q2        | 0.0153   |
| mse_q3        | 0.00369  |
| param_norm    | 1e+03    |
| samples       | 4.66e+04 |
| step          | 90       |
| vb            | 0.00983  |
| vb_q0         | 0.043    |
| vb_q1         | 0.000204 |
| vb_q2         | 7.64e-05 |
| vb_q3         | 4.02e-05 |
----------------------------
